Using pip 25.3 from C:\Users\HP\miniconda3\envs\didwin\Lib\site-packages\pip (python 3.11)
Collecting diff-diff
  Using cached diff_diff-2.1.5.tar.gz (247 kB)
  Preparing metadata (pyproject.toml): started
  Running command Preparing metadata (pyproject.toml)
  ðŸ\x8d¹ Building a mixed python/rust project
  ðŸ”— Found pyo3 bindings
  ðŸ\x90\x8d Found CPython 3.11 at C:\Users\HP\miniconda3\envs\didwin\python.exe
  ðŸ“¡ Using build options features from pyproject.toml
  diff_diff-2.1.5.dist-info
  Checking for Rust toolchain....
  Running `maturin pep517 write-dist-info --metadata-directory C:\Users\HP\AppData\Local\Temp\pip-modern-metadata-lra1d3f4 --interpreter C:\Users\HP\miniconda3\envs\didwin\python.exe`
  Preparing metadata (pyproject.toml): finished with status 'done'
Requirement already satisfied: numpy>=1.20.0 in c:\users\hp\miniconda3\envs\didwin\lib\site-packages (from diff-diff) (2.4.1)
Requirement already satisfied: pandas>=1.3.0 in c:\users\hp\miniconda3\envs\didwin\lib\site-packages (from diff-diff) (3.0.0)
Requirement already satisfied: scipy>=1.7.0 in c:\users\hp\miniconda3\envs\didwin\lib\site-packages (from diff-diff) (1.17.0)
Requirement already satisfied: python-dateutil>=2.8.2 in c:\users\hp\miniconda3\envs\didwin\lib\site-packages (from pandas>=1.3.0->diff-diff) (2.9.0.post0)
Requirement already satisfied: tzdata in c:\users\hp\miniconda3\envs\didwin\lib\site-packages (from pandas>=1.3.0->diff-diff) (2025.3)
Requirement already satisfied: six>=1.5 in c:\users\hp\miniconda3\envs\didwin\lib\site-packages (from python-dateutil>=2.8.2->pandas>=1.3.0->diff-diff) (1.17.0)
Building wheels for collected packages: diff-diff
  Building wheel for diff-diff (pyproject.toml): started
  Running command Building wheel for diff-diff (pyproject.toml)
  Running `maturin pep517 build-wheel -i C:\Users\HP\miniconda3\envs\didwin\python.exe --compatibility off`
  ðŸ\x8d¹ Building a mixed python/rust project
  ðŸ”— Found pyo3 bindings
  ðŸ\x90\x8d Found CPython 3.11 at C:\Users\HP\miniconda3\envs\didwin\python.exe
  ðŸ“¡ Using build options features from pyproject.toml
     Compiling proc-macro2 v1.0.106
     Compiling unicode-ident v1.0.22
     Compiling quote v1.0.43
     Compiling autocfg v1.5.0
     Compiling serde_core v1.0.228
     Compiling stable_deref_trait v1.2.1
     Compiling once_cell v1.19.0
     Compiling cfg-if v1.0.4
     Compiling litemap v0.8.1
     Compiling shlex v1.3.0
     Compiling writeable v0.6.2
     Compiling find-msvc-tools v0.1.8
     Compiling target-lexicon v0.12.16
     Compiling serde v1.0.228
     Compiling version_check v0.9.5
     Compiling fnv v1.0.7
     Compiling icu_normalizer_data v2.1.1
     Compiling cc v1.2.53
     Compiling typenum v1.19.0
     Compiling ident_case v1.0.1
     Compiling icu_properties_data v2.1.2
     Compiling strsim v0.11.1
     Compiling generic-array v0.14.7
     Compiling syn v2.0.114
     Compiling windows-link v0.2.1
     Compiling memchr v2.7.6
     Compiling zeroize v1.8.2
     Compiling windows_x86_64_msvc v0.48.5
     Compiling rustls-pki-types v1.14.0
     Compiling pyo3-build-config v0.20.3
     Compiling zmij v1.0.16
     Compiling smallvec v1.15.1
     Compiling thiserror v1.0.69
     Compiling ring v0.17.14
     Compiling zerocopy v0.8.33
     Compiling windows-sys v0.61.2
     Compiling num-traits v0.2.19
     Compiling getrandom v0.2.17
     Compiling rustversion v1.0.22
     Compiling serde_json v1.0.149
     Compiling untrusted v0.9.0
     Compiling libc v0.2.180
     Compiling crc32fast v1.5.0
     Compiling rand_core v0.6.4
     Compiling winapi-util v0.1.11
     Compiling windows-targets v0.48.5
     Compiling aho-corasick v1.1.4
     Compiling proc-macro-error-attr2 v2.0.0
     Compiling getrandom v0.3.4
     Compiling equivalent v1.0.2
     Compiling utf8_iter v1.0.4
     Compiling itoa v1.0.17
     Compiling log v0.4.29
     Compiling simd-adler32 v0.3.8
     Compiling hashbrown v0.16.1
     Compiling rustls v0.23.36
     Compiling regex-syntax v0.8.8
     Compiling percent-encoding v2.3.2
     Compiling crossbeam-utils v0.8.21
     Compiling adler2 v2.0.1
     Compiling synstructure v0.13.2
     Compiling darling_core v0.20.11
     Compiling ppv-lite86 v0.2.21
     Compiling indexmap v2.13.0
     Compiling proc-macro-error2 v2.0.1
     Compiling rustls-webpki v0.103.9
     Compiling miniz_oxide v0.8.9
     Compiling form_urlencoded v1.2.2
     Compiling regex-automata v0.4.13
     Compiling windows-sys v0.48.0
     Compiling same-file v1.0.6
     Compiling zerofrom-derive v0.1.6
     Compiling yoke-derive v0.8.1
     Compiling zerovec-derive v0.11.2
     Compiling displaydoc v0.2.5
     Compiling serde_derive v1.0.228
     Compiling thiserror-impl v1.0.69
     Compiling darling_macro v0.20.11
     Compiling block-buffer v0.10.4
     Compiling darling v0.20.11
     Compiling crypto-common v0.1.7
     Compiling zerofrom v0.1.6
     Compiling derive_builder_core v0.20.2
     Compiling webpki-roots v1.0.5
     Compiling heck v0.5.0
     Compiling subtle v2.6.1
     Compiling yoke v0.8.1
     Compiling anyhow v1.0.100
     Compiling toml_write v0.1.2
     Compiling winnow v0.7.14
     Compiling zerovec v0.11.5
     Compiling zerotrie v0.2.3
     Compiling option-ext v0.2.0
     Compiling dirs-sys v0.4.1
     Compiling tinystr v0.8.2
     Compiling potential_utf v0.1.4
     Compiling strum_macros v0.26.4
     Compiling derive_builder_macro v0.20.2
     Compiling icu_locale_core v2.1.1
     Compiling icu_collections v2.1.1
     Compiling derive_builder v0.20.2
     Compiling webpki-roots v0.26.11
     Compiling digest v0.10.7
     Compiling regex v1.10.6
     Compiling icu_provider v2.1.1
     Compiling flate2 v1.1.8
     Compiling getset v0.1.6
     Compiling icu_properties v2.1.2
     Compiling icu_normalizer v2.1.1
     Compiling walkdir v2.5.0
     Compiling serde_spanned v0.6.9
     Compiling toml_datetime v0.6.11
     Compiling toml_edit v0.22.27
     Compiling rand_chacha v0.3.1
     Compiling filetime v0.2.27
     Compiling idna_adapter v1.2.1
     Compiling idna v1.1.0
     Compiling strum v0.26.3
     Compiling cpufeatures v0.2.17
     Compiling base64 v0.22.1
     Compiling oci-spec v0.6.8
     Compiling url v2.5.8
     Compiling sha2 v0.10.9
     Compiling crossbeam-epoch v0.9.18
     Compiling chrono v0.4.43
     Compiling rand v0.8.5
     Compiling ureq v2.12.1
     Compiling toml v0.8.23
     Compiling tar v0.4.44
     Compiling uuid v1.19.0
     Compiling directories v5.0.1
     Compiling lazy_static v1.5.0
     Compiling base16ct v0.2.0
     Compiling rayon-core v1.13.0
     Compiling intel-mkl-tool v0.8.1
     Compiling num-complex v0.4.6
     Compiling crossbeam-deque v0.8.6
     Compiling pyo3-ffi v0.20.3
     Compiling matrixmultiply v0.3.10
     Compiling parking_lot_core v0.9.12
     Compiling memoffset v0.9.1
     Compiling either v1.15.0
     Compiling scopeguard v1.2.0
     Compiling portable-atomic v1.13.0
     Compiling rawpointer v0.2.1
     Compiling heck v0.4.1
     Compiling ocipkg v0.2.9
     Compiling rayon v1.11.0
     Compiling pyo3-macros-backend v0.20.3
     Compiling lock_api v0.4.14
     Compiling approx v0.4.0
     Compiling num-integer v0.1.46
     Compiling cblas-sys v0.1.4
     Compiling pyo3 v0.20.3
     Compiling parking_lot v0.12.5
     Compiling cauchy v0.4.0
     Compiling katexit v0.1.5
     Compiling lapack-sys v0.14.0
     Compiling indoc v2.0.7
     Compiling unindent v0.2.4
     Compiling rustc-hash v1.1.0
     Compiling rand_xoshiro v0.6.0
     Compiling intel-mkl-src v0.8.1
     Compiling ndarray v0.15.6
     Compiling pyo3-macros v0.20.3
     Compiling lax v0.16.0
     Compiling ndarray-linalg v0.16.0
     Compiling numpy v0.20.0
     Compiling diff_diff_rust v2.1.5 (C:\Users\HP\AppData\Local\Temp\pip-install-7qnmthgh\diff-diff_841c9e1c55c14675ae11d24cb7ff86a0\rust)
  error: linking with `link.exe` failed: exit code: 1120
    |
    = note: "C:\\Program Files (x86)\\Microsoft Visual Studio\\18\\BuildTools\\VC\\Tools\\MSVC\\14.50.35717\\bin\\HostX64\\x64\\link.exe" "/DEF:C:\\Users\\HP\\AppData\\Local\\Temp\\rustcLcdkPJ\\lib.def" "/NOLOGO" "<1 object files omitted>" "C:\\Users\\HP\\AppData\\Local\\Temp\\rustcLcdkPJ/{libparking_lot_core-46907f178cf028c2,libstd-505ed9e40954533c}.rlib" "<sysroot>\\lib\\rustlib\\x86_64-pc-windows-msvc\\lib/libcompiler_builtins-*.rlib" "bcrypt.lib" "advapi32.lib" "C:\\Users\\HP\\miniconda3\\envs\\didwin\\libs\\python311.lib" "legacy_stdio_definitions.lib" "kernel32.lib" "kernel32.lib" "kernel32.lib" "ntdll.lib" "userenv.lib" "ws2_32.lib" "dbghelp.lib" "/defaultlib:msvcrt" "/NXCOMPAT" "/LIBPATH:C:\\Users\\HP\\miniconda3\\envs\\didwin\\libs" "/OUT:C:\\Users\\HP\\AppData\\Local\\Temp\\pip-install-7qnmthgh\\diff-diff_841c9e1c55c14675ae11d24cb7ff86a0\\rust\\target\\release\\deps\\diff_diff_rust.dll" "/OPT:REF,ICF" "/DLL" "/IMPLIB:C:\\Users\\HP\\AppData\\Local\\Temp\\pip-install-7qnmthgh\\diff-diff_841c9e1c55c14675ae11d24cb7ff86a0\\rust\\target\\release\\deps\\diff_diff_rust.dll.lib" "/DEBUG" "/PDBALTPATH:%_PDB%" "/NATVIS:<sysroot>\\lib\\rustlib\\etc\\intrinsic.natvis" "/NATVIS:<sysroot>\\lib\\rustlib\\etc\\liballoc.natvis" "/NATVIS:<sysroot>\\lib\\rustlib\\etc\\libcore.natvis" "/NATVIS:<sysroot>\\lib\\rustlib\\etc\\libstd.natvis"
    = note: some arguments are omitted. use `--verbose` to show all linker arguments
    = note:    Creating library C:\Users\HP\AppData\Local\Temp\pip-install-7qnmthgh\diff-diff_841c9e1c55c14675ae11d24cb7ff86a0\rust\target\release\deps\diff_diff_rust.dll.lib and object C:\Users\HP\AppData\Local\Temp\pip-install-7qnmthgh\diff-diff_841c9e1c55c14675ae11d24cb7ff86a0\rust\target\release\deps\diff_diff_rust.dll.expâ\x90\x8d
            diff_diff_rust.diff_diff_rust.4fb8623b6b79400c-cgu.0.rcgu.o : error LNK2019: unresolved external symbol dgesvd_ referenced in function _ZN141_$LT$ndarray..ArrayBase$LT$S$C$ndarray..dimension..dim..Dim$LT$$u5b$usize$u3b$$u20$2$u5d$$GT$$GT$$u20$as$u20$ndarray_linalg..svd..SVDInto$GT$8svd_into17he4ff4ded3872855cEâ\x90\x8d
            diff_diff_rust.diff_diff_rust.4fb8623b6b79400c-cgu.0.rcgu.o : error LNK2019: unresolved external symbol dpotrf_ referenced in function _ZN14diff_diff_rust6linalg28compute_robust_vcov_internal17h0a6c16b0b2440bf6Eâ\x90\x8d
            diff_diff_rust.diff_diff_rust.4fb8623b6b79400c-cgu.0.rcgu.o : error LNK2019: unresolved external symbol dgetrf_ referenced in function _ZN14diff_diff_rust6linalg28compute_robust_vcov_internal17h0a6c16b0b2440bf6Eâ\x90\x8d
            diff_diff_rust.diff_diff_rust.4fb8623b6b79400c-cgu.0.rcgu.o : error LNK2019: unresolved external symbol dgetrs_ referenced in function _ZN14diff_diff_rust6linalg28compute_robust_vcov_internal17h0a6c16b0b2440bf6Eâ\x90\x8d
            diff_diff_rust.diff_diff_rust.4fb8623b6b79400c-cgu.0.rcgu.o : error LNK2019: unresolved external symbol dpotrs_ referenced in function _ZN14diff_diff_rust6linalg28compute_robust_vcov_internal17h0a6c16b0b2440bf6Eâ\x90\x8d
            diff_diff_rust.diff_diff_rust.4fb8623b6b79400c-cgu.0.rcgu.o : error LNK2019: unresolved external symbol cblas_ddot referenced in function _ZN14diff_diff_rust7weights1_38__pyfunction_compute_synthetic_weights17h160117fb0983ab0fEâ\x90\x8d
            diff_diff_rust.diff_diff_rust.4fb8623b6b79400c-cgu.0.rcgu.o : error LNK2019: unresolved external symbol cblas_dgemv referenced in function _ZN14diff_diff_rust7weights1_38__pyfunction_compute_synthetic_weights17h160117fb0983ab0fEâ\x90\x8d
            diff_diff_rust.diff_diff_rust.4fb8623b6b79400c-cgu.0.rcgu.o : error LNK2019: unresolved external symbol cblas_dgemm referenced in function _ZN7ndarray6linalg11impl_linalg12mat_mul_impl17h08df57b46a30f4afEâ\x90\x8d
            C:\Users\HP\AppData\Local\Temp\pip-install-7qnmthgh\diff-diff_841c9e1c55c14675ae11d24cb7ff86a0\rust\target\release\deps\diff_diff_rust.dll : fatal error LNK1120: 8 unresolved externalsâ\x90\x8d


  error: could not compile `diff_diff_rust` (lib) due to 1 previous error
  ðŸ’¥ maturin failed
    Caused by: Failed to build a native library through cargo
    Caused by: Cargo build finished with "exit code: 101": `"cargo" "rustc" "--profile" "release" "--features" "extension-module" "--message-format" "json-render-diagnostics" "--manifest-path" "C:\\Users\\HP\\AppData\\Local\\Temp\\pip-install-7qnmthgh\\diff-diff_841c9e1c55c14675ae11d24cb7ff86a0\\rust\\Cargo.toml" "--lib" "--crate-type" "cdylib"`
  Error: command ['maturin', 'pep517', 'build-wheel', '-i', 'C:\\Users\\HP\\miniconda3\\envs\\didwin\\python.exe', '--compatibility', 'off'] returned non-zero exit status 1
  error: subprocess-exited-with-error
  
  Building wheel for diff-diff (pyproject.toml) did not run successfully.
  exit code: 1
  
  No available output.
  
  note: This error originates from a subprocess, and is likely not a problem with pip.
  full command: 'C:\Users\HP\miniconda3\envs\didwin\python.exe' 'C:\Users\HP\miniconda3\envs\didwin\Lib\site-packages\pip\_vendor\pyproject_hooks\_in_process\_in_process.py' build_wheel 'C:\Users\HP\AppData\Local\Temp\tmponz21994'
  cwd: C:\Users\HP\AppData\Local\Temp\pip-install-7qnmthgh\diff-diff_841c9e1c55c14675ae11d24cb7ff86a0
  Building wheel for diff-diff (pyproject.toml): finished with status 'error'
  ERROR: Failed building wheel for diff-diff
Failed to build diff-diff
error: failed-wheel-build-for-install

Failed to build installable wheels for some pyproject.toml based projects

diff-diff
